<?xml version="1.0" encoding="UTF-8"?>
<!-- Generated by org.testng.reporters.JUnitReportReporter -->
<testsuite hostname="DESKTOP-1D6MK40" failures="0" tests="1" name="com.test.LoginTest" time="3.117" errors="0" timestamp="2024-02-19T14:33:34 IST" skipped="0">
  <testcase classname="com.test.LoginTest" name="testLogin" time="3.117"/>
  <system-out/>
</testsuite> <!-- com.test.LoginTest -->
